HERE: /home/xzcaplcu/repo/qtrkx-gnn-tracking
Printing configs: 
train_dir: /home/xzcaplcu/repo/qtrkx-gnn-tracking/data_personal/train_new
valid_dir: /home/xzcaplcu/repo/qtrkx-gnn-tracking/data_personal/valid_new
dataset: TuysuzPaper
log_dir: /home/xzcaplcu/repo/qtrkx-gnn-tracking/logs/test_CGNN/run3/
run_type: new_run
gpu: -1
n_files: 1600
n_valid: 1280
n_train: 320
lr_c: 0.01
batch_size: 1
n_iters: 1
n_epoch: 20
TEST_every: 1280
hid_dim: 4
network: CGNN
optimizer: Adam
loss_func: BinaryCrossentropy
n_thread: 4
log_verbosity: 2
Log dir: /home/xzcaplcu/repo/qtrkx-gnn-tracking/logs/test_CGNN/run3/
Training data input dir: /home/xzcaplcu/repo/qtrkx-gnn-tracking/data_personal/train_new
Validation data input dir: /home/xzcaplcu/repo/qtrkx-gnn-tracking/data_personal/train_new
2023-01-22 17:12:24.227119 Deleted old log: /home/xzcaplcu/repo/qtrkx-gnn-tracking/logs/test_CGNN/run3/log_validation.csv
2023-01-22 17:12:24.227313 Deleted old log: /home/xzcaplcu/repo/qtrkx-gnn-tracking/logs/test_CGNN/run3/log_training.csv
2023-01-22 17:12:24.227523 Deleted old log: /home/xzcaplcu/repo/qtrkx-gnn-tracking/logs/test_CGNN/run3/summary.csv
2023-01-22 17:12:24.227739 Deleted old log: /home/xzcaplcu/repo/qtrkx-gnn-tracking/logs/test_CGNN/run3/log_parameters_0.csv
2023-01-22 17:12:24.227928 Deleted old log: /home/xzcaplcu/repo/qtrkx-gnn-tracking/logs/test_CGNN/run3/log_parameters_1.csv
2023-01-22 17:12:24.228122 Deleted old log: /home/xzcaplcu/repo/qtrkx-gnn-tracking/logs/test_CGNN/run3/log_parameters_2.csv
2023-01-22 17:12:24.228303 Deleted old log: /home/xzcaplcu/repo/qtrkx-gnn-tracking/logs/test_CGNN/run3/log_parameters_3.csv
2023-01-22 17:12:24.228489 Deleted old log: /home/xzcaplcu/repo/qtrkx-gnn-tracking/logs/test_CGNN/run3/log_parameters_4.csv
2023-01-22 17:12:24.228682 Deleted old log: /home/xzcaplcu/repo/qtrkx-gnn-tracking/logs/test_CGNN/run3/log_parameters_5.csv
2023-01-22 17:12:24.228863 Deleted old log: /home/xzcaplcu/repo/qtrkx-gnn-tracking/logs/test_CGNN/run3/log_parameters_6.csv
2023-01-22 17:12:24.229029 Deleted old log: /home/xzcaplcu/repo/qtrkx-gnn-tracking/logs/test_CGNN/run3/log_parameters_7.csv
2023-01-22 17:12:24.229176 Deleted old log: /home/xzcaplcu/repo/qtrkx-gnn-tracking/logs/test_CGNN/run3/log_parameters_8.csv
2023-01-22 17:12:24.229332 Deleted old log: /home/xzcaplcu/repo/qtrkx-gnn-tracking/logs/test_CGNN/run3/log_parameters_9.csv
Model: "GNN"
_________________________________________________________________
 Layer (type)                Output Shape              Param #   
=================================================================
 InputNet (Sequential)       (None, 4)                 16        
                                                                 
 EdgeNet (EdgeNet)           multiple                  65        
                                                                 
 NodeNet (NodeNet)           multiple                  108       
                                                                 
=================================================================
Total params: 189
Trainable params: 189
Non-trainable params: 0
_________________________________________________________________
None
2023-01-22 17:12:24.484943 Starting testing the valid set with 1280 subgraphs!
